2015/05/15 16:56:34 にビルドを開始しました。
     1>ノード 2 上のプロジェクト "C:\Users\廉一\Desktop\TGS\framework\framework.vcxproj" (build ターゲット)。
     1>InitializeBuildStatus:
         "AlwaysCreate" が指定されたため "Debug\TGS.unsuccessfulbuild" を作成しています。
       ClCompile:
         C:\Program Files (x86)\Microsoft Visual Studio 10.0\VC\bin\CL.exe /c /I"C:\Program Files\DxLib_VC\プロジェクトに追加すべきファイル_VC用" /ZI /nologo /W3 /WX- /Od /Oy- /D WIN32 /D _DEBUG /D _WINDOWS /D _MBCS /Gm /EHsc /RTC1 /MTd /GS /fp:precise /Zc:wchar_t /Zc:forScope /Fo"Debug\\" /Fd"Debug\vc100.pdb" /Gd /TP /analyze- /errorReport:prompt BackGroundManager.cpp framework.cpp GameMain.cpp
         GameMain.cpp
         framework.cpp
         BackGroundManager.cpp
         コードを生成中...
       ManifestResourceCompile:
         C:\Program Files (x86)\Microsoft SDKs\Windows\v7.0A\bin\rc.exe /nologo /fo"Debug\TGS.exe.embed.manifest.res" Debug\TGS_manifest.rc 
       Link:
         C:\Program Files (x86)\Microsoft Visual Studio 10.0\VC\bin\link.exe /ERRORREPORT:PROMPT /OUT:"C:\Users\廉一\Desktop\TGS\Debug\TGS.exe" /INCREMENTAL /NOLOGO /LIBPATH:"C:\Program Files\DxLib_VC\プロジェクトに追加すべきファイル_VC用" kernel32.lib user32.lib gdi32.lib winspool.lib comdlg32.lib advapi32.lib shell32.lib ole32.lib oleaut32.lib uuid.lib odbc32.lib odbccp32.lib /MANIFEST /ManifestFile:"Debug\TGS.exe.intermediate.manifest" /MANIFESTUAC:"level='asInvoker' uiAccess='false'" /DEBUG /PDB:"C:\Users\廉一\Desktop\TGS\Debug\TGS.pdb" /SUBSYSTEM:WINDOWS /TLBID:1 /DYNAMICBASE /NXCOMPAT /IMPLIB:"C:\Users\廉一\Desktop\TGS\Debug\TGS.lib" /MACHINE:X86 Debug\TGS.exe.embed.manifest.res
         Debug\BackGroundManager.obj
         Debug\framework.obj
         Debug\GameMain.obj
       Manifest:
         C:\Program Files (x86)\Microsoft SDKs\Windows\v7.0A\bin\mt.exe /nologo /verbose /out:"Debug\TGS.exe.embed.manifest" /manifest Debug\TGS.exe.intermediate.manifest
         すべての出力が最新のものです。
       LinkEmbedManifest:
         すべての出力が最新のものです。
         framework.vcxproj -> C:\Users\廉一\Desktop\TGS\Debug\TGS.exe
       FinalizeBuildStatus:
         ファイル "Debug\TGS.unsuccessfulbuild" を削除しています。
         "Debug\TGS.lastbuildstate" のタッチ タスクを実行しています。
     1>プロジェクト "C:\Users\廉一\Desktop\TGS\framework\framework.vcxproj" (build ターゲット) のビルドが完了しました。

ビルドに成功しました。

経過時間 00:00:01.09
